<?xml version="1.0" encoding="UTF-8"?>
<testng-results ignored="0" total="1" passed="1" failed="0" skipped="0">
  <reporter-output>
  </reporter-output>
  <suite started-at="2021-08-08T15:11:36 IST" name="Suite" finished-at="2021-08-08T15:12:30 IST" duration-ms="54177">
    <groups>
    </groups>
    <test started-at="2021-08-08T15:11:36 IST" name="Test" finished-at="2021-08-08T15:12:30 IST" duration-ms="54177">
      <class name="assignment.DeletePartyConsent">
        <test-method is-config="true" signature="launchApp()[pri:0, instance:assignment.DeletePartyConsent@2a7f1f10]" started-at="2021-08-08T15:11:36 IST" name="launchApp" finished-at="2021-08-08T15:11:45 IST" duration-ms="8503" status="PASS">
          <reporter-output>
          </reporter-output>
        </test-method> <!-- launchApp -->
        <test-method signature="deleteParty()[pri:0, instance:assignment.DeletePartyConsent@2a7f1f10]" started-at="2021-08-08T15:11:45 IST" name="deleteParty" finished-at="2021-08-08T15:12:28 IST" duration-ms="43193" status="PASS">
          <reporter-output>
          </reporter-output>
        </test-method> <!-- deleteParty -->
        <test-method is-config="true" signature="closeBrowser()[pri:0, instance:assignment.DeletePartyConsent@2a7f1f10]" started-at="2021-08-08T15:12:28 IST" name="closeBrowser" finished-at="2021-08-08T15:12:30 IST" duration-ms="2441" status="PASS">
          <reporter-output>
          </reporter-output>
        </test-method> <!-- closeBrowser -->
      </class> <!-- assignment.DeletePartyConsent -->
    </test> <!-- Test -->
  </suite> <!-- Suite -->
</testng-results>
