<?xml version="1.0" encoding="UTF-8"?>
<testng-results ignored="0" total="1" passed="1" failed="0" skipped="0">
  <reporter-output>
  </reporter-output>
  <suite started-at="2021-08-08T14:07:34 IST" name="Suite" finished-at="2021-08-08T14:08:49 IST" duration-ms="74506">
    <groups>
    </groups>
    <test started-at="2021-08-08T14:07:34 IST" name="Test" finished-at="2021-08-08T14:08:49 IST" duration-ms="74506">
      <class name="assignment.DeletePartyConsent">
        <test-method is-config="true" signature="launchApp()[pri:0, instance:assignment.DeletePartyConsent@55a147cc]" started-at="2021-08-08T14:07:34 IST" name="launchApp" finished-at="2021-08-08T14:07:45 IST" duration-ms="10282" status="PASS">
          <reporter-output>
          </reporter-output>
        </test-method> <!-- launchApp -->
        <test-method signature="deleteParty()[pri:0, instance:assignment.DeletePartyConsent@55a147cc]" started-at="2021-08-08T14:07:45 IST" name="deleteParty" finished-at="2021-08-08T14:08:46 IST" duration-ms="61760" status="PASS">
          <reporter-output>
          </reporter-output>
        </test-method> <!-- deleteParty -->
        <test-method is-config="true" signature="closeBrowser()[pri:0, instance:assignment.DeletePartyConsent@55a147cc]" started-at="2021-08-08T14:08:46 IST" name="closeBrowser" finished-at="2021-08-08T14:08:49 IST" duration-ms="2393" status="PASS">
          <reporter-output>
          </reporter-output>
        </test-method> <!-- closeBrowser -->
      </class> <!-- assignment.DeletePartyConsent -->
    </test> <!-- Test -->
  </suite> <!-- Suite -->
</testng-results>
